<?xml version="1.0" encoding="UTF-8"?>
<testng-results skipped="0" failed="0" ignored="0" total="1" passed="1">
  <reporter-output>
  </reporter-output>
  <suite name="Default suite" duration-ms="95" started-at="2022-09-19T16:09:57 BST" finished-at="2022-09-19T16:09:57 BST">
    <groups>
    </groups>
    <test name="Default test" duration-ms="95" started-at="2022-09-19T16:09:57 BST" finished-at="2022-09-19T16:09:57 BST">
      <class name="sample.GitCommit">
        <test-method status="PASS" signature="gitCommit()[pri:0, instance:sample.GitCommit@3712b94]" name="gitCommit" duration-ms="16" started-at="2022-09-19T16:09:57 BST" finished-at="2022-09-19T16:09:57 BST">
          <reporter-output>
          </reporter-output>
        </test-method> <!-- gitCommit -->
      </class> <!-- sample.GitCommit -->
    </test> <!-- Default test -->
  </suite> <!-- Default suite -->
</testng-results>
